103.02.03 10:47 B G:\nrnalone\bin\as.exe <-- protos.lifesci.ucla.edu /local/home/psych/krasne/nrnalone/bin as.exe
103.02.03 10:47 B G:\nrnalone\bin\cat.exe <-- protos.lifesci.ucla.edu /local/home/psych/krasne/nrnalone/bin cat.exe
103.02.03 10:48 B G:\nrnalone\bin\cc1.exe <-- protos.lifesci.ucla.edu /local/home/psych/krasne/nrnalone/bin cc1.exe
103.02.03 10:48 B G:\nrnalone\bin\cpp.exe <-- protos.lifesci.ucla.edu /local/home/psych/krasne/nrnalone/bin cpp.exe
103.02.03 10:48 B G:\nrnalone\bin\cpp0.exe <-- protos.lifesci.ucla.edu /local/home/psych/krasne/nrnalone/bin cpp0.exe
103.02.03 10:48 B G:\nrnalone\bin\cygpath.exe <-- protos.lifesci.ucla.edu /local/home/psych/krasne/nrnalone/bin cygpath.exe
103.02.03 10:48 B G:\nrnalone\bin\cygwin1.dll <-- protos.lifesci.ucla.edu /local/home/psych/krasne/nrnalone/bin cygwin1.dll
103.02.03 10:48 B G:\nrnalone\bin\ddesrvr.ico <-- protos.lifesci.ucla.edu /local/home/psych/krasne/nrnalone/bin ddesrvr.ico
103.02.03 10:48 B G:\nrnalone\bin\echo.exe <-- protos.lifesci.ucla.edu /local/home/psych/krasne/nrnalone/bin echo.exe
103.02.03 10:48 B G:\nrnalone\bin\gcc.exe <-- protos.lifesci.ucla.edu /local/home/psych/krasne/nrnalone/bin gcc.exe
103.02.03 10:48 B G:\nrnalone\bin\grep.exe <-- protos.lifesci.ucla.edu /local/home/psych/krasne/nrnalone/bin grep.exe
103.02.03 10:48 B G:\nrnalone\bin\hocxdos.bat <-- protos.lifesci.ucla.edu /local/home/psych/krasne/nrnalone/bin hocxdos.bat
103.02.03 10:48 B G:\nrnalone\bin\hocxdos1.bat <-- protos.lifesci.ucla.edu /local/home/psych/krasne/nrnalone/bin hocxdos1.bat
103.02.03 10:48 B G:\nrnalone\bin\ld.exe <-- protos.lifesci.ucla.edu /local/home/psych/krasne/nrnalone/bin ld.exe
103.02.03 10:48 B G:\nrnalone\bin\libW11.dll <-- protos.lifesci.ucla.edu /local/home/psych/krasne/nrnalone/bin libW11.dll
103.02.03 10:48 B G:\nrnalone\bin\ls.exe <-- protos.lifesci.ucla.edu /local/home/psych/krasne/nrnalone/bin ls.exe
103.02.03 10:48 B G:\nrnalone\bin\make.exe <-- protos.lifesci.ucla.edu /local/home/psych/krasne/nrnalone/bin make.exe
103.02.03 10:48 B G:\nrnalone\bin\modlunit.exe <-- protos.lifesci.ucla.edu /local/home/psych/krasne/nrnalone/bin modlunit.exe
103.02.03 10:48 B G:\nrnalone\bin\mos2nrn.exe <-- protos.lifesci.ucla.edu /local/home/psych/krasne/nrnalone/bin mos2nrn.exe
103.02.03 10:49 B G:\nrnalone\bin\neuron.exe <-- protos.lifesci.ucla.edu /local/home/psych/krasne/nrnalone/bin neuron.exe
103.02.03 10:49 B G:\nrnalone\bin\nm.exe <-- protos.lifesci.ucla.edu /local/home/psych/krasne/nrnalone/bin nm.exe
103.02.03 10:49 B G:\nrnalone\bin\nmodl2a.ico <-- protos.lifesci.ucla.edu /local/home/psych/krasne/nrnalone/bin nmodl2a.ico
103.02.03 10:49 B G:\nrnalone\bin\nocmodl.exe <-- protos.lifesci.ucla.edu /local/home/psych/krasne/nrnalone/bin nocmodl.exe
103.02.03 10:49 B G:\nrnalone\bin\nrniv10.ico <-- protos.lifesci.ucla.edu /local/home/psych/krasne/nrnalone/bin nrniv10.ico
103.02.03 10:49 B G:\nrnalone\bin\nrnmech.dll <-- protos.lifesci.ucla.edu /local/home/psych/krasne/nrnalone/bin nrnmech.dll
103.02.03 10:49 B G:\nrnalone\bin\rm.exe <-- protos.lifesci.ucla.edu /local/home/psych/krasne/nrnalone/bin rm.exe
103.02.03 10:49 B G:\nrnalone\bin\rxvt.exe <-- protos.lifesci.ucla.edu /local/home/psych/krasne/nrnalone/bin rxvt.exe
103.02.03 10:49 B G:\nrnalone\bin\sed.exe <-- protos.lifesci.ucla.edu /local/home/psych/krasne/nrnalone/bin sed.exe
103.02.03 10:49 B G:\nrnalone\bin\sh.exe <-- protos.lifesci.ucla.edu /local/home/psych/krasne/nrnalone/bin sh.exe
