103.02.03 10:50 B G:\nrnalone\lib\hoc\attshape.hoc <-- protos.lifesci.ucla.edu /local/home/psych/krasne/nrnalone/lib/hoc attshape.hoc
103.02.03 10:50 B G:\nrnalone\lib\hoc\celbild.hoc <-- protos.lifesci.ucla.edu /local/home/psych/krasne/nrnalone/lib/hoc celbild.hoc
103.02.03 10:50 B G:\nrnalone\lib\hoc\electrod.hoc <-- protos.lifesci.ucla.edu /local/home/psych/krasne/nrnalone/lib/hoc electrod.hoc
103.02.03 10:50 B G:\nrnalone\lib\hoc\family.hoc <-- protos.lifesci.ucla.edu /local/home/psych/krasne/nrnalone/lib/hoc family.hoc
103.02.03 10:50 B G:\nrnalone\lib\hoc\funfit.hoc <-- protos.lifesci.ucla.edu /local/home/psych/krasne/nrnalone/lib/hoc funfit.hoc
103.02.03 10:50 B G:\nrnalone\lib\hoc\gatherv.hoc <-- protos.lifesci.ucla.edu /local/home/psych/krasne/nrnalone/lib/hoc gatherv.hoc
103.02.03 10:50 B G:\nrnalone\lib\hoc\grapher.hoc <-- protos.lifesci.ucla.edu /local/home/psych/krasne/nrnalone/lib/hoc grapher.hoc
103.02.03 10:50 B G:\nrnalone\lib\hoc\impedanc.hoc <-- protos.lifesci.ucla.edu /local/home/psych/krasne/nrnalone/lib/hoc impedanc.hoc
103.02.03 10:50 B G:\nrnalone\lib\hoc\impedanx.hoc <-- protos.lifesci.ucla.edu /local/home/psych/krasne/nrnalone/lib/hoc impedanx.hoc
103.02.03 10:50 B G:\nrnalone\lib\hoc\impratio.hoc <-- protos.lifesci.ucla.edu /local/home/psych/krasne/nrnalone/lib/hoc impratio.hoc
103.02.03 10:50 B G:\nrnalone\lib\hoc\inserter.hoc <-- protos.lifesci.ucla.edu /local/home/psych/krasne/nrnalone/lib/hoc inserter.hoc
103.02.03 10:50 B G:\nrnalone\lib\hoc\kinbuild.hoc <-- protos.lifesci.ucla.edu /local/home/psych/krasne/nrnalone/lib/hoc kinbuild.hoc
103.02.03 10:50 B G:\nrnalone\lib\hoc\lincir.hoc <-- protos.lifesci.ucla.edu /local/home/psych/krasne/nrnalone/lib/hoc lincir.hoc
103.02.03 10:50 B G:\nrnalone\lib\hoc\logax.hoc <-- protos.lifesci.ucla.edu /local/home/psych/krasne/nrnalone/lib/hoc logax.hoc
103.02.03 10:50 B G:\nrnalone\lib\hoc\macload.hoc <-- protos.lifesci.ucla.edu /local/home/psych/krasne/nrnalone/lib/hoc macload.hoc
103.02.03 10:50 B G:\nrnalone\lib\hoc\mkcurve.hoc <-- protos.lifesci.ucla.edu /local/home/psych/krasne/nrnalone/lib/hoc mkcurve.hoc
103.02.03 10:50 B G:\nrnalone\lib\hoc\mknrndll.hoc <-- protos.lifesci.ucla.edu /local/home/psych/krasne/nrnalone/lib/hoc mknrndll.hoc
103.02.03 10:50 B G:\nrnalone\lib\hoc\modlunit.hoc <-- protos.lifesci.ucla.edu /local/home/psych/krasne/nrnalone/lib/hoc modlunit.hoc
103.02.03 10:50 B G:\nrnalone\lib\hoc\mulfit.hoc <-- protos.lifesci.ucla.edu /local/home/psych/krasne/nrnalone/lib/hoc mulfit.hoc
103.02.03 10:50 B G:\nrnalone\lib\hoc\netbild.hoc <-- protos.lifesci.ucla.edu /local/home/psych/krasne/nrnalone/lib/hoc netbild.hoc
103.02.03 10:50 B G:\nrnalone\lib\hoc\noload.hoc <-- protos.lifesci.ucla.edu /local/home/psych/krasne/nrnalone/lib/hoc noload.hoc
103.02.03 10:50 B G:\nrnalone\lib\hoc\nrngui.hoc <-- protos.lifesci.ucla.edu /local/home/psych/krasne/nrnalone/lib/hoc nrngui.hoc
103.02.03 10:50 B G:\nrnalone\lib\hoc\nrngui1.hoc <-- protos.lifesci.ucla.edu /local/home/psych/krasne/nrnalone/lib/hoc nrngui1.hoc
103.02.03 10:50 B G:\nrnalone\lib\hoc\pcchdir.hoc <-- protos.lifesci.ucla.edu /local/home/psych/krasne/nrnalone/lib/hoc pcchdir.hoc
103.02.03 10:50 B G:\nrnalone\lib\hoc\pointbsr.hoc <-- protos.lifesci.ucla.edu /local/home/psych/krasne/nrnalone/lib/hoc pointbsr.hoc
103.02.03 10:50 B G:\nrnalone\lib\hoc\pointgrp.hoc <-- protos.lifesci.ucla.edu /local/home/psych/krasne/nrnalone/lib/hoc pointgrp.hoc
103.02.03 10:50 B G:\nrnalone\lib\hoc\pointman.hoc <-- protos.lifesci.ucla.edu /local/home/psych/krasne/nrnalone/lib/hoc pointman.hoc
103.02.03 10:50 B G:\nrnalone\lib\hoc\qgraf.hoc <-- protos.lifesci.ucla.edu /local/home/psych/krasne/nrnalone/lib/hoc qgraf.hoc
103.02.03 10:50 B G:\nrnalone\lib\hoc\rcs.hoc <-- protos.lifesci.ucla.edu /local/home/psych/krasne/nrnalone/lib/hoc rcs.hoc
103.02.03 10:50 B G:\nrnalone\lib\hoc\rcs.iv <-- protos.lifesci.ucla.edu /local/home/psych/krasne/nrnalone/lib/hoc rcs.iv
103.02.03 10:50 B G:\nrnalone\lib\hoc\runfit.hoc <-- protos.lifesci.ucla.edu /local/home/psych/krasne/nrnalone/lib/hoc runfit.hoc
103.02.03 10:50 B G:\nrnalone\lib\hoc\shapebox.hoc <-- protos.lifesci.ucla.edu /local/home/psych/krasne/nrnalone/lib/hoc shapebox.hoc
103.02.03 10:50 B G:\nrnalone\lib\hoc\showmech.hoc <-- protos.lifesci.ucla.edu /local/home/psych/krasne/nrnalone/lib/hoc showmech.hoc
103.02.03 10:50 B G:\nrnalone\lib\hoc\single.hoc <-- protos.lifesci.ucla.edu /local/home/psych/krasne/nrnalone/lib/hoc single.hoc
103.02.03 10:50 B G:\nrnalone\lib\hoc\single1.hoc <-- protos.lifesci.ucla.edu /local/home/psych/krasne/nrnalone/lib/hoc single1.hoc
103.02.03 10:50 B G:\nrnalone\lib\hoc\singlech.hoc <-- protos.lifesci.ucla.edu /local/home/psych/krasne/nrnalone/lib/hoc singlech.hoc
103.02.03 10:50 B G:\nrnalone\lib\hoc\stdgui.hoc <-- protos.lifesci.ucla.edu /local/home/psych/krasne/nrnalone/lib/hoc stdgui.hoc
103.02.03 10:50 B G:\nrnalone\lib\hoc\stdlib.hoc <-- protos.lifesci.ucla.edu /local/home/psych/krasne/nrnalone/lib/hoc stdlib.hoc
103.02.03 10:50 B G:\nrnalone\lib\hoc\stdrun.hoc <-- protos.lifesci.ucla.edu /local/home/psych/krasne/nrnalone/lib/hoc stdrun.hoc
103.02.03 10:50 B G:\nrnalone\lib\hoc\thresh.hoc <-- protos.lifesci.ucla.edu /local/home/psych/krasne/nrnalone/lib/hoc thresh.hoc
103.02.03 10:50 B G:\nrnalone\lib\hoc\vecwrap.hoc <-- protos.lifesci.ucla.edu /local/home/psych/krasne/nrnalone/lib/hoc vecwrap.hoc
103.02.03 10:50 B G:\nrnalone\lib\hoc\vplay.hoc <-- protos.lifesci.ucla.edu /local/home/psych/krasne/nrnalone/lib/hoc vplay.hoc
103.02.03 10:50 B G:\nrnalone\lib\hoc\wingroup.hoc <-- protos.lifesci.ucla.edu /local/home/psych/krasne/nrnalone/lib/hoc wingroup.hoc
