103.02.03 10:51 B G:\nrnalone\nrnpgms\all.ses <-- protos.lifesci.ucla.edu /local/home/psych/krasne/nrnalone/nrnpgms all.ses
103.02.03 10:51 B G:\nrnalone\nrnpgms\allmag.ses <-- protos.lifesci.ucla.edu /local/home/psych/krasne/nrnalone/nrnpgms allmag.ses
103.02.03 10:51 B G:\nrnalone\nrnpgms\cellsIAFf.template <-- protos.lifesci.ucla.edu /local/home/psych/krasne/nrnalone/nrnpgms cellsIAFf.template
103.02.03 10:51 B G:\nrnalone\nrnpgms\class.ses <-- protos.lifesci.ucla.edu /local/home/psych/krasne/nrnalone/nrnpgms class.ses
103.02.03 10:51 B G:\nrnalone\nrnpgms\conds.ses <-- protos.lifesci.ucla.edu /local/home/psych/krasne/nrnalone/nrnpgms conds.ses
103.02.03 10:51 B G:\nrnalone\nrnpgms\EPlasInp.mod <-- protos.lifesci.ucla.edu /local/home/psych/krasne/nrnalone/nrnpgms EPlasInp.mod
103.02.03 10:51 B G:\nrnalone\nrnpgms\EPlasSom.mod <-- protos.lifesci.ucla.edu /local/home/psych/krasne/nrnalone/nrnpgms EPlasSom.mod
103.02.03 10:51 B G:\nrnalone\nrnpgms\EPlasSomf.mod <-- protos.lifesci.ucla.edu /local/home/psych/krasne/nrnalone/nrnpgms EPlasSomf.mod
103.02.03 10:51 B G:\nrnalone\nrnpgms\EPlasSyn.mod <-- protos.lifesci.ucla.edu /local/home/psych/krasne/nrnalone/nrnpgms EPlasSyn.mod
103.02.03 10:51 B G:\nrnalone\nrnpgms\EPlasSynf.mod <-- protos.lifesci.ucla.edu /local/home/psych/krasne/nrnalone/nrnpgms EPlasSynf.mod
103.02.03 10:51 B G:\nrnalone\nrnpgms\ExIAF.mod <-- protos.lifesci.ucla.edu /local/home/psych/krasne/nrnalone/nrnpgms ExIAF.mod
103.02.03 10:51 B G:\nrnalone\nrnpgms\GRAPH1 <-- protos.lifesci.ucla.edu /local/home/psych/krasne/nrnalone/nrnpgms GRAPH1
103.02.03 10:51 B G:\nrnalone\nrnpgms\HHALT.MOD <-- protos.lifesci.ucla.edu /local/home/psych/krasne/nrnalone/nrnpgms HHALT.MOD
103.02.03 10:51 B G:\nrnalone\nrnpgms\HHCA1.MOD <-- protos.lifesci.ucla.edu /local/home/psych/krasne/nrnalone/nrnpgms HHCA1.MOD
103.02.03 10:51 B G:\nrnalone\nrnpgms\InhIAF.mod <-- protos.lifesci.ucla.edu /local/home/psych/krasne/nrnalone/nrnpgms InhIAF.mod
103.02.03 10:51 B G:\nrnalone\nrnpgms\INPUT.MOD <-- protos.lifesci.ucla.edu /local/home/psych/krasne/nrnalone/nrnpgms INPUT.MOD
103.02.03 10:51 B G:\nrnalone\nrnpgms\MKNRNDLL.PIF <-- protos.lifesci.ucla.edu /local/home/psych/krasne/nrnalone/nrnpgms MKNRNDLL.PIF
103.02.03 10:51 B G:\nrnalone\nrnpgms\mod_func.c <-- protos.lifesci.ucla.edu /local/home/psych/krasne/nrnalone/nrnpgms mod_func.c
103.02.03 10:51 B G:\nrnalone\nrnpgms\nrnmech.dll <-- protos.lifesci.ucla.edu /local/home/psych/krasne/nrnalone/nrnpgms nrnmech.dll
103.02.03 10:51 B G:\nrnalone\nrnpgms\PACEF.MOD <-- protos.lifesci.ucla.edu /local/home/psych/krasne/nrnalone/nrnpgms PACEF.MOD
103.02.03 10:51 B G:\nrnalone\nrnpgms\STDP.OC <-- protos.lifesci.ucla.edu /local/home/psych/krasne/nrnalone/nrnpgms STDP.OC
103.02.03 10:51 B G:\nrnalone\nrnpgms\swmA.hoc <-- protos.lifesci.ucla.edu /local/home/psych/krasne/nrnalone/nrnpgms swmA.hoc
103.02.03 10:51 B G:\nrnalone\nrnpgms\swmB.hoc <-- protos.lifesci.ucla.edu /local/home/psych/krasne/nrnalone/nrnpgms swmB.hoc
103.02.03 10:51 B G:\nrnalone\nrnpgms\swmC.hoc <-- protos.lifesci.ucla.edu /local/home/psych/krasne/nrnalone/nrnpgms swmC.hoc
103.02.03 10:51 B G:\nrnalone\nrnpgms\swmC1.hoc <-- protos.lifesci.ucla.edu /local/home/psych/krasne/nrnalone/nrnpgms swmC1.hoc
103.02.03 10:51 B G:\nrnalone\nrnpgms\swmC2.hoc <-- protos.lifesci.ucla.edu /local/home/psych/krasne/nrnalone/nrnpgms swmC2.hoc
103.02.03 10:51 B G:\nrnalone\nrnpgms\swmC3.hoc <-- protos.lifesci.ucla.edu /local/home/psych/krasne/nrnalone/nrnpgms swmC3.hoc
103.02.03 10:51 B G:\nrnalone\nrnpgms\swmCprot.hoc <-- protos.lifesci.ucla.edu /local/home/psych/krasne/nrnalone/nrnpgms swmCprot.hoc
103.02.03 10:51 B G:\nrnalone\nrnpgms\swmD.hoc <-- protos.lifesci.ucla.edu /local/home/psych/krasne/nrnalone/nrnpgms swmD.hoc
103.02.03 10:51 B G:\nrnalone\nrnpgms\swmE.hoc <-- protos.lifesci.ucla.edu /local/home/psych/krasne/nrnalone/nrnpgms swmE.hoc
103.02.03 10:51 B G:\nrnalone\nrnpgms\swmE1.hoc <-- protos.lifesci.ucla.edu /local/home/psych/krasne/nrnalone/nrnpgms swmE1.hoc
103.02.03 10:51 B G:\nrnalone\nrnpgms\swmE2.hoc <-- protos.lifesci.ucla.edu /local/home/psych/krasne/nrnalone/nrnpgms swmE2.hoc
103.02.03 10:51 B G:\nrnalone\nrnpgms\swmE3.hoc <-- protos.lifesci.ucla.edu /local/home/psych/krasne/nrnalone/nrnpgms swmE3.hoc
103.02.03 10:51 B G:\nrnalone\nrnpgms\swmEprot.hoc <-- protos.lifesci.ucla.edu /local/home/psych/krasne/nrnalone/nrnpgms swmEprot.hoc
103.02.03 10:51 B G:\nrnalone\nrnpgms\swmF.hoc <-- protos.lifesci.ucla.edu /local/home/psych/krasne/nrnalone/nrnpgms swmF.hoc
103.02.03 10:51 B G:\nrnalone\nrnpgms\~WRL2789.TMP <-- protos.lifesci.ucla.edu /local/home/psych/krasne/nrnalone/nrnpgms ~WRL2789.TMP
